<?xml version="1.0" encoding="UTF-8"?>
<!-- Generated by org.testng.reporters.JUnitReportReporter -->
<testsuite hostname="LTIN194771" failures="0" tests="2" name="testCases.testcase_surgeries" time="3.469" errors="0" timestamp="2024-02-27T13:37:28 IST" skipped="0">
  <testcase classname="testCases.testcase_surgeries" name="surgeries_test" time="1.654"/>
  <system-out/>
  <testcase classname="testCases.testcase_surgeries" name="check_title_surgeries" time="1.815"/>
  <system-out/>
</testsuite> <!-- testCases.testcase_surgeries -->
