<?xml version="1.0" encoding="UTF-8"?>
<!-- Generated by org.testng.reporters.JUnitReportReporter -->
<testsuite hostname="LTIN194771" failures="0" tests="2" name="testCases.testcase_Form" time="29.053" errors="0" timestamp="2024-02-27T13:37:28 IST" skipped="0">
  <testcase classname="testCases.testcase_Form" name="formpagetest" time="2.222"/>
  <system-out/>
  <testcase classname="testCases.testcase_Form" name="check_title_invalidform" time="26.831"/>
  <system-out/>
</testsuite> <!-- testCases.testcase_Form -->
