<?xml version="1.0" encoding="UTF-8"?>
<!-- Generated by org.testng.reporters.JUnitReportReporter -->
<testsuite hostname="LTIN194771" failures="0" tests="2" name="testCases.Home" time="71.106" errors="0" timestamp="2024-02-27T13:37:28 IST" skipped="0">
  <testcase classname="testCases.Home" name="check_title" time="0.342"/>
  <system-out/>
  <testcase classname="testCases.Home" name="homepagetest" time="70.764"/>
  <system-out/>
</testsuite> <!-- testCases.Home -->
