<?xml version="1.0" encoding="UTF-8"?>
<!-- Generated by org.testng.reporters.JUnitReportReporter -->
<testsuite hostname="LTIN194771" failures="0" tests="2" name="testCases.testcase_FormValid" time="57.907" errors="0" timestamp="2024-02-27T13:37:28 IST" skipped="0">
  <testcase classname="testCases.testcase_FormValid" name="validformtest" time="30.845"/>
  <system-out/>
  <testcase classname="testCases.testcase_FormValid" name="check_title_validform" time="27.062"/>
  <system-out/>
</testsuite> <!-- testCases.testcase_FormValid -->
